# JRE version: OpenJDK Runtime Environment Zulu21.34+19-CA (21.0.3+9) (build 21.0.3+9-LTS)
# Java VM: OpenJDK 64-Bit Server VM Zulu21.34+19-CA (21.0.3+9-LTS, mixed mode, sharing, tiered, compressed oops, compressed class ptrs, g1 gc, windows-amd64)
GC Precious Log:
 CardTable entry size: 512
 Card Set container configuration: InlinePtr #cards 4 size 8 Array Of Cards #cards 16 size 48 Howl #buckets 8 coarsen threshold 3686 Howl Bitmap #cards 512 size 80 coarsen threshold 460 Card regions per heap region 1 cards per card region 4096
 CPUs: 4 total, 4 available
 Memory: 16293M
 Large Page Support: Disabled
 NUMA Support: Disabled
 Compressed Oops: Enabled (Zero based)
 Heap Region Size: 2M
 Heap Min Capacity: 8M
 Heap Initial Capacity: 256M
 Heap Max Capacity: 4074M
 Pre-touch: Disabled
 Parallel Workers: 4
 Concurrent Workers: 1
 Concurrent Refinement Workers: 4
 Periodic GC: Disabled
Heap:
 garbage-first heap   total 116736K, used 101330K [0x0000000701600000, 0x0000000800000000)
  region size 2048K, 8 young (16384K), 3 survivors (6144K)
 Metaspace       used 38573K, committed 39232K, reserved 1114112K
  class space    used 4261K, committed 4544K, reserved 1048576K
GC Heap History (20 events):
Event: 14.226 GC heap before
{Heap before GC invocations=6 (full 0):
 garbage-first heap   total 90112K, used 63357K [0x0000000701600000, 0x0000000800000000)
  region size 2048K, 26 young (53248K), 7 survivors (14336K)
 Metaspace       used 27244K, committed 27520K, reserved 1114112K
  class space    used 3039K, committed 3200K, reserved 1048576K
}
Event: 14.248 GC heap after
{Heap after GC invocations=7 (full 0):
 garbage-first heap   total 90112K, used 34196K [0x0000000701600000, 0x0000000800000000)
  region size 2048K, 4 young (8192K), 4 survivors (8192K)
 Metaspace       used 27244K, committed 27520K, reserved 1114112K
  class space    used 3039K, committed 3200K, reserved 1048576K
}
Event: 14.917 GC heap before
{Heap before GC invocations=7 (full 0):
 garbage-first heap   total 90112K, used 66964K [0x0000000701600000, 0x0000000800000000)
  region size 2048K, 21 young (43008K), 4 survivors (8192K)
 Metaspace       used 28597K, committed 28928K, reserved 1114112K
  class space    used 3160K, committed 3328K, reserved 1048576K
}
Event: 14.936 GC heap after
{Heap after GC invocations=8 (full 0):
 garbage-first heap   total 90112K, used 38781K [0x0000000701600000, 0x0000000800000000)
  region size 2048K, 2 young (4096K), 2 survivors (4096K)
 Metaspace       used 28597K, committed 28928K, reserved 1114112K
  class space    used 3160K, committed 3328K, reserved 1048576K
}
Event: 15.659 GC heap before
{Heap before GC invocations=8 (full 0):
 garbage-first heap   total 90112K, used 69501K [0x0000000701600000, 0x0000000800000000)
  region size 2048K, 18 young (36864K), 2 survivors (4096K)
 Metaspace       used 30273K, committed 30720K, reserved 1114112K
  class space    used 3363K, committed 3584K, reserved 1048576K
}
Event: 15.669 GC heap after
{Heap after GC invocations=9 (full 0):
 garbage-first heap   total 90112K, used 40227K [0x0000000701600000, 0x0000000800000000)
  region size 2048K, 1 young (2048K), 1 survivors (2048K)
 Metaspace       used 30273K, committed 30720K, reserved 1114112K
  class space    used 3363K, committed 3584K, reserved 1048576K
}
Event: 16.293 GC heap before
{Heap before GC invocations=9 (full 0):
 garbage-first heap   total 90112K, used 75043K [0x0000000701600000, 0x0000000800000000)
  region size 2048K, 18 young (36864K), 1 survivors (2048K)
 Metaspace       used 30697K, committed 31168K, reserved 1114112K
  class space    used 3381K, committed 3584K, reserved 1048576K
}
Event: 16.303 GC heap after
{Heap after GC invocations=10 (full 0):
 garbage-first heap   total 108544K, used 41736K [0x0000000701600000, 0x0000000800000000)
  region size 2048K, 2 young (4096K), 2 survivors (4096K)
 Metaspace       used 30697K, committed 31168K, reserved 1114112K
  class space    used 3381K, committed 3584K, reserved 1048576K
}
Event: 17.032 GC heap before
{Heap before GC invocations=10 (full 0):
 garbage-first heap   total 108544K, used 90888K [0x0000000701600000, 0x0000000800000000)
  region size 2048K, 26 young (53248K), 2 survivors (4096K)
 Metaspace       used 30947K, committed 31360K, reserved 1114112K
  class space    used 3386K, committed 3584K, reserved 1048576K
}
Event: 17.042 GC heap after
{Heap after GC invocations=11 (full 0):
 garbage-first heap   total 108544K, used 41991K [0x0000000701600000, 0x0000000800000000)
  region size 2048K, 2 young (4096K), 2 survivors (4096K)
 Metaspace       used 30947K, committed 31360K, reserved 1114112K
  class space    used 3386K, committed 3584K, reserved 1048576K
}
Event: 19.114 GC heap before
{Heap before GC invocations=11 (full 0):
 garbage-first heap   total 108544K, used 93191K [0x0000000701600000, 0x0000000800000000)
  region size 2048K, 27 young (55296K), 2 survivors (4096K)
 Metaspace       used 33237K, committed 33792K, reserved 1114112K
  class space    used 3635K, committed 3904K, reserved 1048576K
}
Event: 19.130 GC heap after
{Heap after GC invocations=12 (full 0):
 garbage-first heap   total 108544K, used 48077K [0x0000000701600000, 0x0000000800000000)
  region size 2048K, 4 young (8192K), 4 survivors (8192K)
 Metaspace       used 33237K, committed 33792K, reserved 1114112K
  class space    used 3635K, committed 3904K, reserved 1048576K
}
Event: 19.665 GC heap before
{Heap before GC invocations=12 (full 0):
 garbage-first heap   total 108544K, used 89037K [0x0000000701600000, 0x0000000800000000)
  region size 2048K, 25 young (51200K), 4 survivors (8192K)
 Metaspace       used 33296K, committed 33856K, reserved 1114112K
  class space    used 3636K, committed 3904K, reserved 1048576K
}
Event: 19.694 GC heap after
{Heap after GC invocations=13 (full 0):
 garbage-first heap   total 116736K, used 64839K [0x0000000701600000, 0x0000000800000000)
  region size 2048K, 4 young (8192K), 4 survivors (8192K)
 Metaspace       used 33296K, committed 33856K, reserved 1114112K
  class space    used 3636K, committed 3904K, reserved 1048576K
}
Event: 20.291 GC heap before
{Heap before GC invocations=13 (full 0):
 garbage-first heap   total 116736K, used 95559K [0x0000000701600000, 0x0000000800000000)
  region size 2048K, 20 young (40960K), 4 survivors (8192K)
 Metaspace       used 34743K, committed 35328K, reserved 1114112K
  class space    used 3802K, committed 4096K, reserved 1048576K
}
Event: 20.303 GC heap after
{Heap after GC invocations=14 (full 0):
 garbage-first heap   total 116736K, used 66702K [0x0000000701600000, 0x0000000800000000)
  region size 2048K, 1 young (2048K), 1 survivors (2048K)
 Metaspace       used 34743K, committed 35328K, reserved 1114112K
  class space    used 3802K, committed 4096K, reserved 1048576K
}
Event: 22.129 GC heap before
{Heap before GC invocations=15 (full 0):
 garbage-first heap   total 116736K, used 99470K [0x0000000701600000, 0x0000000800000000)
  region size 2048K, 17 young (34816K), 1 survivors (2048K)
 Metaspace       used 36260K, committed 36800K, reserved 1114112K
  class space    used 3933K, committed 4160K, reserved 1048576K
}
Event: 22.136 GC heap after
{Heap after GC invocations=16 (full 0):
 garbage-first heap   total 116736K, used 68376K [0x0000000701600000, 0x0000000800000000)
  region size 2048K, 2 young (4096K), 2 survivors (4096K)
 Metaspace       used 36260K, committed 36800K, reserved 1114112K
  class space    used 3933K, committed 4160K, reserved 1048576K
}
Event: 35.340 GC heap before
{Heap before GC invocations=16 (full 0):
 garbage-first heap   total 116736K, used 101144K [0x0000000701600000, 0x0000000800000000)
  region size 2048K, 18 young (36864K), 2 survivors (4096K)
 Metaspace       used 38086K, committed 38720K, reserved 1114112K
  class space    used 4198K, committed 4480K, reserved 1048576K
}
Event: 35.357 GC heap after
{Heap after GC invocations=17 (full 0):
 garbage-first heap   total 116736K, used 60370K [0x0000000701600000, 0x0000000800000000)
  region size 2048K, 3 young (6144K), 3 survivors (6144K)
 Metaspace       used 38086K, committed 38720K, reserved 1114112K
  class space    used 4198K, committed 4480K, reserved 1048576K
}

